<?xml version="1.0" encoding="UTF-8"?>
<!-- Generated by org.testng.reporters.JUnitXMLReporter -->
<testsuite hostname="DESKTOP-5GJO1TQ" name="Test" tests="3" failures="0" timestamp="8 Mar 2019 12:26:59 GMT" time="0.174" errors="0">
  <testcase name="loginAndBack" time="0.03" classname="com.pom.testcases.HomePage.HomePageTestCase"/>
  <testcase name="loginWithInvalidData" time="0.004" classname="com.pom.testcases.HomePage.HomePageTestCase"/>
  <testcase name="loginWithValidData" time="0.002" classname="com.pom.testcases.HomePage.HomePageTestCase"/>
</testsuite> <!-- Test -->
